<?xml version="1.0" encoding="UTF-8"?>
<!-- Generated by org.testng.reporters.JUnitReportReporter -->
<testsuite skipped="0" hostname="PHX440G3-2815Y1" name="mytest.NewTestNG" tests="5" failures="0" timestamp="12 Sep 2018 18:38:55 GMT" time="0.082" errors="0">
  <testcase name="ztest" time="0.013" classname="mytest.NewTestNG"/>
  <testcase name="subTest" time="0.034" classname="mytest.NewTestNG"/>
  <testcase name="ytest" time="0.017" classname="mytest.NewTestNG"/>
  <testcase name="addTest" time="0.008" classname="mytest.NewTestNG"/>
  <testcase name="xtest" time="0.010" classname="mytest.NewTestNG"/>
</testsuite> <!-- mytest.NewTestNG -->
